#
# There is insufficient memory for the Java Runtime Environment to continue.
# Native memory allocation (mmap) failed to map 98566144 bytes. Error detail: G1 virtual space
# Possible reasons:
#   The system is out of physical RAM or swap space
#   This process is running with CompressedOops enabled, and the Java Heap may be blocking the growth of the native heap
# Possible solutions:
#   Reduce memory load on the system
#   Increase physical memory or swap space
#   Check if swap backing store is full
#   Decrease Java heap size (-Xmx/-Xms)
#   Decrease number of Java threads
#   Decrease Java thread stack sizes (-Xss)
#   Set larger code cache with -XX:ReservedCodeCacheSize=
#   JVM is running with Unscaled Compressed Oops mode in which the Java heap is
#     placed in the first 4GB address space. The Java Heap base address is the
#     maximum limit for the native heap growth. Please use -XX:HeapBaseMinAddress
#     to set the Java Heap base and to place the Java Heap above 4GB virtual address.
# This output file may be truncated or incomplete.
#
#  Out of Memory Error (os_windows.cpp:3825), pid=23188, tid=23248
#
# JRE version:  (17.0.11) (build )
# Java VM: OpenJDK 64-Bit Server VM (17.0.11+0--11852314, mixed mode, sharing, tiered, compressed oops, compressed class ptrs, g1 gc, windows-amd64)
# No core dump will be written. Minidumps are not enabled by default on client versions of Windows
#

---------------  S U M M A R Y ------------

Command Line: org.jetbrains.kotlin.cli.jvm.K2JVMCompiler @C:\Users\rafae\AndroidStudioProjects\QuizLUNG\app\build\20241025_5197687355908392741.compiler.options

Host: AMD Ryzen 3 5300U with Radeon Graphics         , 8 cores, 5G,  Windows 11 , 64 bit Build 22621 (10.0.22621.4391)
Time: Fri Oct 25 16:35:31 2024 SE Asia Standard Time elapsed time: 0.023486 seconds (0d 0h 0m 0s)

---------------  T H R E A D  ---------------

Current thread (0x000001cabba9ca80):  JavaThread "Unknown thread" [_thread_in_vm, id=23248, stack(0x0000006b44400000,0x0000006b44500000)]

Stack: [0x0000006b44400000,0x0000006b44500000]
Native frames: (J=compiled Java code, j=interpreted, Vv=VM code, C=native code)
V  [jvm.dll+0x687bb9]
V  [jvm.dll+0x84142a]
V  [jvm.dll+0x8430ae]
V  [jvm.dll+0x843713]
V  [jvm.dll+0x24a35f]
V  [jvm.dll+0x684989]
V  [jvm.dll+0x67923a]
V  [jvm.dll+0x30af0b]
V  [jvm.dll+0x3123b6]
V  [jvm.dll+0x361dfe]
V  [jvm.dll+0x36202f]
V  [jvm.dll+0x2e0d38]
V  [jvm.dll+0x2e1ca4]
V  [jvm.dll+0x811f21]
V  [jvm.dll+0x36fb68]
V  [jvm.dll+0x7f0896]
V  [jvm.dll+0x3f3d2f]
V  [jvm.dll+0x3f58e1]
C  [jli.dll+0x528f]
C  [ucrtbase.dll+0x29333]
C  [KERNEL32.DLL+0x1259d]
C  [ntdll.dll+0x5af38]


---------------  P R O C E S S  ---------------

Threads class SMR info:
_java_thread_list=0x00007ffc79faefd8, length=0, elements={
}

Java Threads: ( => current thread )

Other Threads:
  0x000001cabbae99b0 GCTaskThread "GC Thread#0" [stack: 0x0000006b44500000,0x0000006b44600000] [id=13104]
  0x000001cabbaf63d0 ConcurrentGCThread "G1 Main Marker" [stack: 0x0000006b44600000,0x0000006b44700000] [id=9864]
  0x000001cabbaf6d00 ConcurrentGCThread "G1 Conc#0" [stack: 0x0000006b44700000,0x0000006b44800000] [id=5968]

[error occurred during error reporting (printing all threads), id 0xc0000005, EXCEPTION_ACCESS_VIOLATION (0xc0000005) at pc=0x00007ffc79761907]

VM state: not at safepoint (not fully initialized)

VM Mutex/Monitor currently owned by a thread:  ([mutex/lock_event])
[0x000001cabba981c0] Heap_lock - owner thread: 0x000001cabba9ca80

Heap address: 0x00000000a2200000, size: 1502 MB, Compressed Oops mode: 32-bit

CDS archive(s) mapped at: [0x0000000000000000-0x0000000000000000-0x0000000000000000), size 0, SharedBaseAddress: 0x0000000800000000, ArchiveRelocationMode: 1.
Narrow klass base: 0x0000000000000000, Narrow klass shift: 0, Narrow klass range: 0x0

GC Precious Log:
<Empty>

Heap:
 garbage-first heap   total 0K, used 0K [0x00000000a2200000, 0x0000000100000000)
  region size 1024K, 0 young (0K), 0 survivors (0K)
 Metaspace       used 0K, committed 0K, reserved 0K
  class space    used 0K, committed 0K, reserved 0K

Heap Regions: E=young(eden), S=young(survivor), O=old, HS=humongous(starts), HC=humongous(continues), CS=collection set, F=free, OA=open archive, CA=closed archive, TAMS=top-at-mark-start (previous, next)

Card table byte_map: [0x000001cad04d0000,0x000001cad07c0000] _byte_map_base: 0x000001cacffbf000

Marking Bits (Prev, Next): (CMBitMap*) 0x000001cabbae9ee0, (CMBitMap*) 0x000001cabbae9f20
 Prev Bits: [0x000001cad0ab0000, 0x000001cad2228000)
 Next Bits: [0x000001cad2230000, 0x000001cad39a8000)

GC Heap History (0 events):
No events

Dll operation events (1 events):
Event: 0.014 Loaded shared library C:\Program Files\Android\Android Studio\jbr\bin\java.dll

Deoptimization events (0 events):
No events

Classes unloaded (0 events):
No events

Classes redefined (0 events):
No events

Internal exceptions (0 events):
No events

VM Operations (0 events):
No events

Events (0 events):
No events


Dynamic libraries:
0x00007ff7613c0000 - 0x00007ff7613ca000 	C:\Program Files\Android\Android Studio\jbr\bin\java.exe
0x00007ffce4450000 - 0x00007ffce4667000 	C:\WINDOWS\SYSTEM32\ntdll.dll
0x00007ffce3950000 - 0x00007ffce3a14000 	C:\WINDOWS\System32\KERNEL32.DLL
0x00007ffce1860000 - 0x00007ffce1c19000 	C:\WINDOWS\System32\KERNELBASE.dll
0x00007ffce1c80000 - 0x00007ffce1d91000 	C:\WINDOWS\System32\ucrtbase.dll
0x00007ffcadc70000 - 0x00007ffcadc8b000 	C:\Program Files\Android\Android Studio\jbr\bin\VCRUNTIME140.dll
0x00007ffc924d0000 - 0x00007ffc924e7000 	C:\Program Files\Android\Android Studio\jbr\bin\jli.dll
0x00007ffce4180000 - 0x00007ffce432e000 	C:\WINDOWS\System32\USER32.dll
0x00007ffcc43a0000 - 0x00007ffcc4632000 	C:\WINDOWS\WinSxS\amd64_microsoft.windows.common-controls_6595b64144ccf1df_6.0.22621.4391_none_2715d37f73803e96\COMCTL32.dll
0x00007ffce1c50000 - 0x00007ffce1c76000 	C:\WINDOWS\System32\win32u.dll
0x00007ffce2170000 - 0x00007ffce2217000 	C:\WINDOWS\System32\msvcrt.dll
0x00007ffce2220000 - 0x00007ffce2249000 	C:\WINDOWS\System32\GDI32.dll
0x00007ffce1ee0000 - 0x00007ffce1ffb000 	C:\WINDOWS\System32\gdi32full.dll
0x00007ffce1750000 - 0x00007ffce17ea000 	C:\WINDOWS\System32\msvcp_win.dll
0x00007ffce23c0000 - 0x00007ffce23f1000 	C:\WINDOWS\System32\IMM32.DLL
0x00007ffc907c0000 - 0x00007ffc907cc000 	C:\Program Files\Android\Android Studio\jbr\bin\vcruntime140_1.dll
0x00007ffc4da40000 - 0x00007ffc4dacd000 	C:\Program Files\Android\Android Studio\jbr\bin\msvcp140.dll
0x00007ffc79470000 - 0x00007ffc7a0f3000 	C:\Program Files\Android\Android Studio\jbr\bin\server\jvm.dll
0x00007ffce2300000 - 0x00007ffce23b2000 	C:\WINDOWS\System32\ADVAPI32.dll
0x00007ffce2b20000 - 0x00007ffce2bc7000 	C:\WINDOWS\System32\sechost.dll
0x00007ffce1c20000 - 0x00007ffce1c48000 	C:\WINDOWS\System32\bcrypt.dll
0x00007ffce3ea0000 - 0x00007ffce3fb4000 	C:\WINDOWS\System32\RPCRT4.dll
0x00007ffce05e0000 - 0x00007ffce062d000 	C:\WINDOWS\SYSTEM32\POWRPROF.dll
0x00007ffcda250000 - 0x00007ffcda284000 	C:\WINDOWS\SYSTEM32\WINMM.dll
0x00007ffcd7d10000 - 0x00007ffcd7d1a000 	C:\WINDOWS\SYSTEM32\VERSION.dll
0x00007ffccdf00000 - 0x00007ffccdf09000 	C:\WINDOWS\SYSTEM32\WSOCK32.dll
0x00007ffce2a90000 - 0x00007ffce2b01000 	C:\WINDOWS\System32\WS2_32.dll
0x00007ffce05c0000 - 0x00007ffce05d3000 	C:\WINDOWS\SYSTEM32\UMPDC.dll
0x00007ffce0880000 - 0x00007ffce0898000 	C:\WINDOWS\SYSTEM32\kernel.appcore.dll
0x00007ffcb5d90000 - 0x00007ffcb5d9a000 	C:\Program Files\Android\Android Studio\jbr\bin\jimage.dll
0x00007ffcdf130000 - 0x00007ffcdf362000 	C:\WINDOWS\SYSTEM32\DBGHELP.DLL
0x00007ffce26f0000 - 0x00007ffce2a7f000 	C:\WINDOWS\System32\combase.dll
0x00007ffce2bd0000 - 0x00007ffce2ca7000 	C:\WINDOWS\System32\OLEAUT32.dll
0x00007ffcd8ca0000 - 0x00007ffcd8cd2000 	C:\WINDOWS\SYSTEM32\dbgcore.DLL
0x00007ffce1da0000 - 0x00007ffce1e1b000 	C:\WINDOWS\System32\bcryptPrimitives.dll
0x00007ffc90cf0000 - 0x00007ffc90d15000 	C:\Program Files\Android\Android Studio\jbr\bin\java.dll

dbghelp: loaded successfully - version: 4.0.5 - missing functions: none
symbol engine: initialized successfully - sym options: 0x614 - pdb path: .;C:\Program Files\Android\Android Studio\jbr\bin;C:\WINDOWS\SYSTEM32;C:\WINDOWS\WinSxS\amd64_microsoft.windows.common-controls_6595b64144ccf1df_6.0.22621.4391_none_2715d37f73803e96;C:\Program Files\Android\Android Studio\jbr\bin\server

VM Arguments:
java_command: org.jetbrains.kotlin.cli.jvm.K2JVMCompiler @C:\Users\rafae\AndroidStudioProjects\QuizLUNG\app\build\20241025_5197687355908392741.compiler.options
java_class_path (initial): C:\Users\rafae\.gradle\caches\modules-2\files-2.1\org.jetbrains.kotlin\kotlin-compiler-embeddable\1.9.0\2c8c3a7402becca891f12739b3e9fd2dc2adbd7a\kotlin-compiler-embeddable-1.9.0.jar;C:\Users\rafae\.gradle\caches\modules-2\files-2.1\org.jetbrains.kotlin\kotlin-stdlib\1.9.0\8ee15ef0c67dc83d874f412d84378d7f0eb50b63\kotlin-stdlib-1.9.0.jar;C:\Users\rafae\.gradle\caches\modules-2\files-2.1\org.jetbrains.kotlin\kotlin-script-runtime\1.9.0\4b3102cbbb7e1b58d9d1adf89563f00069ffa7d1\kotlin-script-runtime-1.9.0.jar;C:\Users\rafae\.gradle\caches\modules-2\files-2.1\org.jetbrains.kotlin\kotlin-reflect\1.6.10\1cbe9c92c12a94eea200d23c2bbaedaf3daf5132\kotlin-reflect-1.6.10.jar;C:\Users\rafae\.gradle\caches\modules-2\files-2.1\org.jetbrains.kotlin\kotlin-daemon-embeddable\1.9.0\186543f5e28cf8d9a0290fecc2cf34301c40a65c\kotlin-daemon-embeddable-1.9.0.jar;C:\Users\rafae\.gradle\caches\modules-2\files-2.1\org.jetbrains.intellij.deps\trove4j\1.0.20200330\3afb14d5f9ceb459d724e907a21145e8ff394f02\trove4j-1.0.20200330.jar;C:\Users\rafae\.gradle\caches\modules-2\files-2.1\org.jetbrains.kotlin\kotlin-stdlib-common\1.9.0\cd65c21cfd1eec4d44ef09f9f52b6d9f8a720636\kotlin-stdlib-common-1.9.0.jar;C:\Users\rafae\.gradle\caches\modules-2\files-2.1\org.jetbrains\annotations\13.0\919f0dfe192fb4e063e7dacadee7f8bb9a2672a9\annotations-13.0.jar
Launcher Type: SUN_STANDARD

[Global flags]
     intx CICompilerCount                          = 4                                         {product} {ergonomic}
     uint ConcGCThreads                            = 2                                         {product} {ergonomic}
     uint G1ConcRefinementThreads                  = 8                                         {product} {ergonomic}
   size_t G1HeapRegionSize                         = 1048576                                   {product} {ergonomic}
    uintx GCDrainStackTargetSize                   = 64                                        {product} {ergonomic}
   size_t InitialHeapSize                          = 98566144                                  {product} {ergonomic}
   size_t MarkStackSize                            = 4194304                                   {product} {ergonomic}
   size_t MaxHeapSize                              = 1574961152                                {product} {ergonomic}
   size_t MinHeapDeltaBytes                        = 1048576                                   {product} {ergonomic}
   size_t MinHeapSize                              = 8388608                                   {product} {ergonomic}
    uintx NonNMethodCodeHeapSize                   = 5839372                                {pd product} {ergonomic}
    uintx NonProfiledCodeHeapSize                  = 122909434                              {pd product} {ergonomic}
    uintx ProfiledCodeHeapSize                     = 122909434                              {pd product} {ergonomic}
    uintx ReservedCodeCacheSize                    = 251658240                              {pd product} {ergonomic}
     bool SegmentedCodeCache                       = true                                      {product} {ergonomic}
   size_t SoftMaxHeapSize                          = 1574961152                             {manageable} {ergonomic}
     bool UseCompressedClassPointers               = true                           {product lp64_product} {ergonomic}
     bool UseCompressedOops                        = true                           {product lp64_product} {ergonomic}
     bool UseG1GC                                  = true                                      {product} {ergonomic}
     bool UseLargePagesIndividualAllocation        = false                                  {pd product} {ergonomic}

Logging:
Log output configuration:
 #0: stdout all=warning uptime,level,tags
 #1: stderr all=off uptime,level,tags

Environment Variables:
PATH=C:\Program Files\Common Files\Oracle\Java\javapath;C:\WINDOWS\system32;C:\WINDOWS;C:\WINDOWS\System32\Wbem;C:\WINDOWS\System32\WindowsPowerShell\v1.0\;C:\WINDOWS\System32\OpenSSH\;C:\Program Files\nodejs\;C:\Program Files\Git\cmd;C:\composer;C:\Program Files (x86)\Windows Kits\10\Windows Performance Toolkit\;C:\Users\rafae\AppData\Local\Programs\Python\Python312\Scripts\;C:\Users\rafae\AppData\Local\Programs\Python\Python312\;C:\Users\rafae\AppData\Local\Programs\Python\Launcher\;C:\Users\rafae\AppData\Local\Microsoft\WindowsApps;C:\Users\rafae\AppData\Local\Programs\Microsoft VS Code\bin;C:\msys64\ucrt64\bin;C:\Users\rafae\AppData\Roaming\npm;C:\Program Files\nodejs;C:\Program Files\PostgreSQL\;C:\Program Files\PostgreSQL\16\bin;C:\Program Files\PostgreSQL\16\lib;C:\xampp\htdocs;C:\xampp;C:\xampp\php;C:\Users\rafae\AppData\Local\GitHubDesktop\bin;C:\Users\rafae\AppData\Roaming\Composer\vendor\bin;C:\Program Files\Java\jdk-21\bin;C:\msys64\ucrt64;C:\msys64\mingw64\bin;C:\Users\rafae\AppData\Local\Programs\oh-my-posh\bin;C:\Program Files\flutter\bin;C:\Program Files\flutter\bin\dart;C:\Program Files\platform-tools\;
USERNAME=rafae
OS=Windows_NT
PROCESSOR_IDENTIFIER=AMD64 Family 23 Model 104 Stepping 1, AuthenticAMD
TMP=C:\Users\rafae\AppData\Local\Temp
TEMP=C:\Users\rafae\AppData\Local\Temp



Periodic native trim disabled

JNI global refs:
JNI global refs: 0, weak refs: 0

JNI global refs memory usage: 0, weak refs: 0

Process memory usage:
Resident Set Size: 11648K (0% of 6150136K total physical memory with 210788K free physical memory)

OOME stack traces (most recent first):
Classloader memory used:


---------------  S Y S T E M  ---------------

OS:
 Windows 11 , 64 bit Build 22621 (10.0.22621.4391)
OS uptime: 2 days 3:31 hours

CPU: total 8 (initial active 8) (8 cores per cpu, 2 threads per core) family 23 model 104 stepping 1 microcode 0x0, cx8, cmov, fxsr, ht, mmx, 3dnowpref, sse, sse2, sse3, ssse3, sse4a, sse4.1, sse4.2, popcnt, lzcnt, tsc, tscinvbit, avx, avx2, aes, clmul, bmi1, bmi2, adx, sha, fma, vzeroupper, clflush, clflushopt
Processor Information for all 8 processors :
  Max Mhz: 2600, Current Mhz: 2600, Mhz Limit: 2600

Memory: 4k page, system-wide physical 6005M (205M free)
TotalPageFile size 21892M (AvailPageFile size 91M)
current process WorkingSet (physical memory assigned to process): 11M, peak: 11M
current process commit charge ("private bytes"): 60M, peak: 154M

vm_info: OpenJDK 64-Bit Server VM (17.0.11+0--11852314) for windows-amd64 JRE (17.0.11+0--11852314), built on May 16 2024 21:29:20 by "androidbuild" with MS VC++ 16.10 / 16.11 (VS2019)

END.
